build/app/intermediates/manifest_merge_blame_file/release/manifest-merger-blame-release-report.txt
1<?xml version="1.0" encoding="utf-8"?>
2<manifest xmlns:android="http://schemas.android.com/apk/res/android"
3    package="com.example.little_sparrow"
4    android:versionCode="1"
5    android:versionName="1.0.0" >
6
7    <uses-sdk
8        android:minSdkVersion="19"
8-->src\main\AndroidManifest.xml
9        android:targetSdkVersion="31" />
9-->src\main\AndroidManifest.xml
10
11    <uses-permission android:name="android.permission.INTERNET" />
11-->[com.google.firebase:firebase-auth:21.0.1] AndroidManifest.xml:23:5-67
11-->[com.google.firebase:firebase-auth:21.0.1] AndroidManifest.xml:23:22-64
12    <uses-permission android:name="android.permission.ACCESS_NETWORK_STATE" />
12-->[com.google.firebase:firebase-auth:21.0.1] AndroidManifest.xml:24:5-79
12-->[com.google.firebase:firebase-auth:21.0.1] AndroidManifest.xml:24:22-76
13    <uses-permission android:name="android.permission.WAKE_LOCK" />
13-->[com.google.android.gms:play-services-measurement-api:20.0.2] AndroidManifest.xml:24:5-68
13-->[com.google.android.gms:play-services-measurement-api:20.0.2] AndroidManifest.xml:24:22-65
14    <uses-permission android:name="com.google.android.finsky.permission.BIND_GET_INSTALL_REFERRER_SERVICE" /> <!-- Include required permissions for Advertising Id -->
14-->[com.google.android.gms:play-services-measurement:20.0.2] AndroidManifest.xml:26:5-110
14-->[com.google.android.gms:play-services-measurement:20.0.2] AndroidManifest.xml:26:22-107
15    <uses-permission android:name="com.google.android.gms.permission.AD_ID" />
15-->[com.google.android.gms:play-services-ads-identifier:18.0.0] AndroidManifest.xml:23:5-79
15-->[com.google.android.gms:play-services-ads-identifier:18.0.0] AndroidManifest.xml:23:22-76
16
17    <application
18        android:name="android.app.Application"
18-->src\main\AndroidManifest.xml:5:9-42
19        android:appComponentFactory="androidx.core.app.CoreComponentFactory"
19-->[androidx.core:core:1.6.0] AndroidManifest.xml:24:18-86
20        android:icon="@mipmap/launcher_icon"
20-->src\main\AndroidManifest.xml:6:9-45
21        android:label="Little Sparrow" >
21-->src\main\AndroidManifest.xml:4:9-39
22        <activity
22-->src\main\AndroidManifest.xml:7:9-27:20
23            android:name="com.example.little_sparrow.MainActivity"
23-->src\main\AndroidManifest.xml:8:13-41
24            android:configChanges="orientation|keyboardHidden|keyboard|screenSize|smallestScreenSize|locale|layoutDirection|fontScale|screenLayout|density|uiMode"
24-->src\main\AndroidManifest.xml:12:13-163
25            android:exported="true"
25-->src\main\AndroidManifest.xml:9:13-36
26            android:hardwareAccelerated="true"
26-->src\main\AndroidManifest.xml:13:13-47
27            android:launchMode="singleTop"
27-->src\main\AndroidManifest.xml:10:13-43
28            android:theme="@style/LaunchTheme"
28-->src\main\AndroidManifest.xml:11:13-47
29            android:windowSoftInputMode="adjustResize" >
29-->src\main\AndroidManifest.xml:14:13-55
30
31            <!--
32                 Specifies an Android theme to apply to this Activity as soon as
33                 the Android process has started. This theme is visible to the user
34                 while the Flutter UI initializes. After that, this theme continues
35                 to determine the Window background behind the Flutter UI.
36            -->
37            <meta-data
37-->src\main\AndroidManifest.xml:19:13-22:17
38                android:name="io.flutter.embedding.android.NormalTheme"
38-->src\main\AndroidManifest.xml:20:15-70
39                android:resource="@style/NormalTheme" />
39-->src\main\AndroidManifest.xml:21:15-52
40
41            <intent-filter>
41-->src\main\AndroidManifest.xml:23:13-26:29
42                <action android:name="android.intent.action.MAIN" />
42-->src\main\AndroidManifest.xml:24:17-68
42-->src\main\AndroidManifest.xml:24:25-66
43
44                <category android:name="android.intent.category.LAUNCHER" />
44-->src\main\AndroidManifest.xml:25:17-76
44-->src\main\AndroidManifest.xml:25:27-74
45            </intent-filter>
46        </activity>
47        <!--
48             Don't delete the meta-data below.
49             This is used by the Flutter tool to generate GeneratedPluginRegistrant.java
50        -->
51        <meta-data
51-->src\main\AndroidManifest.xml:30:9-32:33
52            android:name="flutterEmbedding"
52-->src\main\AndroidManifest.xml:31:13-44
53            android:value="2" />
53-->src\main\AndroidManifest.xml:32:13-30
54
55        <service
55-->[:firebase_auth] AndroidManifest.xml:8:9-12:19
56            android:name="com.google.firebase.components.ComponentDiscoveryService"
56-->[:firebase_auth] AndroidManifest.xml:8:18-89
57            android:directBootAware="true"
57-->[com.google.firebase:firebase-common:20.0.0] AndroidManifest.xml:35:13-43
58            android:exported="false" >
58-->[com.google.firebase:firebase-analytics-ktx:20.0.2] AndroidManifest.xml:10:13-37
59            <meta-data
59-->[:firebase_auth] AndroidManifest.xml:9:13-11:85
60                android:name="com.google.firebase.components:io.flutter.plugins.firebase.auth.FlutterFirebaseAuthRegistrar"
60-->[:firebase_auth] AndroidManifest.xml:10:17-124
61                android:value="com.google.firebase.components.ComponentRegistrar" />
61-->[:firebase_auth] AndroidManifest.xml:11:17-82
62            <meta-data
62-->[:firebase_core] AndroidManifest.xml:9:13-11:85
63                android:name="com.google.firebase.components:io.flutter.plugins.firebase.core.FlutterFirebaseCoreRegistrar"
63-->[:firebase_core] AndroidManifest.xml:10:17-124
64                android:value="com.google.firebase.components.ComponentRegistrar" />
64-->[:firebase_core] AndroidManifest.xml:11:17-82
65            <meta-data
65-->[com.google.firebase:firebase-analytics-ktx:20.0.2] AndroidManifest.xml:11:13-13:85
66                android:name="com.google.firebase.components:com.google.firebase.analytics.ktx.FirebaseAnalyticsKtxRegistrar"
66-->[com.google.firebase:firebase-analytics-ktx:20.0.2] AndroidManifest.xml:12:17-126
67                android:value="com.google.firebase.components.ComponentRegistrar" />
67-->[com.google.firebase:firebase-analytics-ktx:20.0.2] AndroidManifest.xml:13:17-82
68            <meta-data
68-->[com.google.firebase:firebase-common-ktx:20.0.0] AndroidManifest.xml:15:13-17:85
69                android:name="com.google.firebase.components:com.google.firebase.ktx.FirebaseCommonKtxRegistrar"
69-->[com.google.firebase:firebase-common-ktx:20.0.0] AndroidManifest.xml:16:17-113
70                android:value="com.google.firebase.components.ComponentRegistrar" />
70-->[com.google.firebase:firebase-common-ktx:20.0.0] AndroidManifest.xml:17:17-82
71            <meta-data
71-->[com.google.firebase:firebase-auth:21.0.1] AndroidManifest.xml:77:13-79:85
72                android:name="com.google.firebase.components:com.google.firebase.auth.FirebaseAuthRegistrar"
72-->[com.google.firebase:firebase-auth:21.0.1] AndroidManifest.xml:78:17-109
73                android:value="com.google.firebase.components.ComponentRegistrar" />
73-->[com.google.firebase:firebase-auth:21.0.1] AndroidManifest.xml:79:17-82
74            <meta-data
74-->[com.google.android.gms:play-services-measurement-api:20.0.2] AndroidManifest.xml:30:13-32:85
75                android:name="com.google.firebase.components:com.google.firebase.analytics.connector.internal.AnalyticsConnectorRegistrar"
75-->[com.google.android.gms:play-services-measurement-api:20.0.2] AndroidManifest.xml:31:17-139
76                android:value="com.google.firebase.components.ComponentRegistrar" />
76-->[com.google.android.gms:play-services-measurement-api:20.0.2] AndroidManifest.xml:32:17-82
77            <meta-data
77-->[com.google.firebase:firebase-installations:17.0.0] AndroidManifest.xml:18:13-20:85
78                android:name="com.google.firebase.components:com.google.firebase.installations.FirebaseInstallationsRegistrar"
78-->[com.google.firebase:firebase-installations:17.0.0] AndroidManifest.xml:19:17-127
79                android:value="com.google.firebase.components.ComponentRegistrar" />
79-->[com.google.firebase:firebase-installations:17.0.0] AndroidManifest.xml:20:17-82
80        </service>
81
82        <activity
82-->[:url_launcher_android] AndroidManifest.xml:8:9-11:74
83            android:name="io.flutter.plugins.urllauncher.WebViewActivity"
83-->[:url_launcher_android] AndroidManifest.xml:9:13-74
84            android:exported="false"
84-->[:url_launcher_android] AndroidManifest.xml:10:13-37
85            android:theme="@android:style/Theme.NoTitleBar.Fullscreen" />
85-->[:url_launcher_android] AndroidManifest.xml:11:13-71
86
87        <uses-library
87-->[androidx.window:window:1.0.0-beta04] AndroidManifest.xml:25:9-27:40
88            android:name="androidx.window.extensions"
88-->[androidx.window:window:1.0.0-beta04] AndroidManifest.xml:26:13-54
89            android:required="false" />
89-->[androidx.window:window:1.0.0-beta04] AndroidManifest.xml:27:13-37
90        <uses-library
90-->[androidx.window:window:1.0.0-beta04] AndroidManifest.xml:28:9-30:40
91            android:name="androidx.window.sidecar"
91-->[androidx.window:window:1.0.0-beta04] AndroidManifest.xml:29:13-51
92            android:required="false" />
92-->[androidx.window:window:1.0.0-beta04] AndroidManifest.xml:30:13-37
93
94        <activity
94-->[com.google.firebase:firebase-auth:21.0.1] AndroidManifest.xml:27:9-44:20
95            android:name="com.google.firebase.auth.internal.GenericIdpActivity"
95-->[com.google.firebase:firebase-auth:21.0.1] AndroidManifest.xml:28:13-80
96            android:excludeFromRecents="true"
96-->[com.google.firebase:firebase-auth:21.0.1] AndroidManifest.xml:29:13-46
97            android:exported="true"
97-->[com.google.firebase:firebase-auth:21.0.1] AndroidManifest.xml:30:13-36
98            android:launchMode="singleTask"
98-->[com.google.firebase:firebase-auth:21.0.1] AndroidManifest.xml:31:13-44
99            android:theme="@android:style/Theme.Translucent.NoTitleBar" >
99-->[com.google.firebase:firebase-auth:21.0.1] AndroidManifest.xml:32:13-72
100            <intent-filter>
100-->[com.google.firebase:firebase-auth:21.0.1] AndroidManifest.xml:33:13-43:29
101                <action android:name="android.intent.action.VIEW" />
101-->[com.google.firebase:firebase-auth:21.0.1] AndroidManifest.xml:34:17-69
101-->[com.google.firebase:firebase-auth:21.0.1] AndroidManifest.xml:34:25-66
102
103                <category android:name="android.intent.category.DEFAULT" />
103-->[com.google.firebase:firebase-auth:21.0.1] AndroidManifest.xml:36:17-76
103-->[com.google.firebase:firebase-auth:21.0.1] AndroidManifest.xml:36:27-73
104                <category android:name="android.intent.category.BROWSABLE" />
104-->[com.google.firebase:firebase-auth:21.0.1] AndroidManifest.xml:37:17-78
104-->[com.google.firebase:firebase-auth:21.0.1] AndroidManifest.xml:37:27-75
105
106                <data
106-->[com.google.firebase:firebase-auth:21.0.1] AndroidManifest.xml:39:17-42:51
107                    android:host="firebase.auth"
107-->[com.google.firebase:firebase-auth:21.0.1] AndroidManifest.xml:40:21-49
108                    android:path="/"
108-->[com.google.firebase:firebase-auth:21.0.1] AndroidManifest.xml:41:21-37
109                    android:scheme="genericidp" />
109-->[com.google.firebase:firebase-auth:21.0.1] AndroidManifest.xml:42:21-48
110            </intent-filter>
111        </activity>
112        <activity
112-->[com.google.firebase:firebase-auth:21.0.1] AndroidManifest.xml:45:9-62:20
113            android:name="com.google.firebase.auth.internal.RecaptchaActivity"
113-->[com.google.firebase:firebase-auth:21.0.1] AndroidManifest.xml:46:13-79
114            android:excludeFromRecents="true"
114-->[com.google.firebase:firebase-auth:21.0.1] AndroidManifest.xml:47:13-46
115            android:exported="true"
115-->[com.google.firebase:firebase-auth:21.0.1] AndroidManifest.xml:48:13-36
116            android:launchMode="singleTask"
116-->[com.google.firebase:firebase-auth:21.0.1] AndroidManifest.xml:49:13-44
117            android:theme="@android:style/Theme.Translucent.NoTitleBar" >
117-->[com.google.firebase:firebase-auth:21.0.1] AndroidManifest.xml:50:13-72
118            <intent-filter>
118-->[com.google.firebase:firebase-auth:21.0.1] AndroidManifest.xml:51:13-61:29
119                <action android:name="android.intent.action.VIEW" />
119-->[com.google.firebase:firebase-auth:21.0.1] AndroidManifest.xml:34:17-69
119-->[com.google.firebase:firebase-auth:21.0.1] AndroidManifest.xml:34:25-66
120
121                <category android:name="android.intent.category.DEFAULT" />
121-->[com.google.firebase:firebase-auth:21.0.1] AndroidManifest.xml:36:17-76
121-->[com.google.firebase:firebase-auth:21.0.1] AndroidManifest.xml:36:27-73
122                <category android:name="android.intent.category.BROWSABLE" />
122-->[com.google.firebase:firebase-auth:21.0.1] AndroidManifest.xml:37:17-78
122-->[com.google.firebase:firebase-auth:21.0.1] AndroidManifest.xml:37:27-75
123
124                <data
124-->[com.google.firebase:firebase-auth:21.0.1] AndroidManifest.xml:39:17-42:51
125                    android:host="firebase.auth"
125-->[com.google.firebase:firebase-auth:21.0.1] AndroidManifest.xml:40:21-49
126                    android:path="/"
126-->[com.google.firebase:firebase-auth:21.0.1] AndroidManifest.xml:41:21-37
127                    android:scheme="recaptcha" />
127-->[com.google.firebase:firebase-auth:21.0.1] AndroidManifest.xml:42:21-48
128            </intent-filter>
129        </activity>
130
131        <service
131-->[com.google.firebase:firebase-auth:21.0.1] AndroidManifest.xml:64:9-73:19
132            android:name="com.google.firebase.auth.api.fallback.service.FirebaseAuthFallbackService"
132-->[com.google.firebase:firebase-auth:21.0.1] AndroidManifest.xml:65:13-101
133            android:enabled="true"
133-->[com.google.firebase:firebase-auth:21.0.1] AndroidManifest.xml:66:13-35
134            android:exported="false" >
134-->[com.google.firebase:firebase-auth:21.0.1] AndroidManifest.xml:67:13-37
135            <intent-filter>
135-->[com.google.firebase:firebase-auth:21.0.1] AndroidManifest.xml:68:13-72:29
136                <action android:name="com.google.firebase.auth.api.gms.service.START" />
136-->[com.google.firebase:firebase-auth:21.0.1] AndroidManifest.xml:69:17-89
136-->[com.google.firebase:firebase-auth:21.0.1] AndroidManifest.xml:69:25-86
137
138                <category android:name="android.intent.category.DEFAULT" />
138-->[com.google.firebase:firebase-auth:21.0.1] AndroidManifest.xml:36:17-76
138-->[com.google.firebase:firebase-auth:21.0.1] AndroidManifest.xml:36:27-73
139            </intent-filter>
140        </service>
141
142        <provider
142-->[com.google.firebase:firebase-common:20.0.0] AndroidManifest.xml:26:9-31:39
143            android:name="com.google.firebase.provider.FirebaseInitProvider"
143-->[com.google.firebase:firebase-common:20.0.0] AndroidManifest.xml:27:13-77
144            android:authorities="com.example.little_sparrow.firebaseinitprovider"
144-->[com.google.firebase:firebase-common:20.0.0] AndroidManifest.xml:28:13-72
145            android:directBootAware="true"
145-->[com.google.firebase:firebase-common:20.0.0] AndroidManifest.xml:29:13-43
146            android:exported="false"
146-->[com.google.firebase:firebase-common:20.0.0] AndroidManifest.xml:30:13-37
147            android:initOrder="100" />
147-->[com.google.firebase:firebase-common:20.0.0] AndroidManifest.xml:31:13-36
148
149        <receiver
149-->[com.google.android.gms:play-services-measurement:20.0.2] AndroidManifest.xml:29:9-33:20
150            android:name="com.google.android.gms.measurement.AppMeasurementReceiver"
150-->[com.google.android.gms:play-services-measurement:20.0.2] AndroidManifest.xml:30:13-85
151            android:enabled="true"
151-->[com.google.android.gms:play-services-measurement:20.0.2] AndroidManifest.xml:31:13-35
152            android:exported="false" >
152-->[com.google.android.gms:play-services-measurement:20.0.2] AndroidManifest.xml:32:13-37
153        </receiver>
154
155        <service
155-->[com.google.android.gms:play-services-measurement:20.0.2] AndroidManifest.xml:35:9-38:40
156            android:name="com.google.android.gms.measurement.AppMeasurementService"
156-->[com.google.android.gms:play-services-measurement:20.0.2] AndroidManifest.xml:36:13-84
157            android:enabled="true"
157-->[com.google.android.gms:play-services-measurement:20.0.2] AndroidManifest.xml:37:13-35
158            android:exported="false" />
158-->[com.google.android.gms:play-services-measurement:20.0.2] AndroidManifest.xml:38:13-37
159        <service
159-->[com.google.android.gms:play-services-measurement:20.0.2] AndroidManifest.xml:39:9-43:72
160            android:name="com.google.android.gms.measurement.AppMeasurementJobService"
160-->[com.google.android.gms:play-services-measurement:20.0.2] AndroidManifest.xml:40:13-87
161            android:enabled="true"
161-->[com.google.android.gms:play-services-measurement:20.0.2] AndroidManifest.xml:41:13-35
162            android:exported="false"
162-->[com.google.android.gms:play-services-measurement:20.0.2] AndroidManifest.xml:42:13-37
163            android:permission="android.permission.BIND_JOB_SERVICE" />
163-->[com.google.android.gms:play-services-measurement:20.0.2] AndroidManifest.xml:43:13-69
164
165        <activity
165-->[com.google.android.gms:play-services-base:17.1.0] AndroidManifest.xml:23:9-26:75
166            android:name="com.google.android.gms.common.api.GoogleApiActivity"
166-->[com.google.android.gms:play-services-base:17.1.0] AndroidManifest.xml:24:13-79
167            android:exported="false"
167-->[com.google.android.gms:play-services-base:17.1.0] AndroidManifest.xml:25:13-37
168            android:theme="@android:style/Theme.Translucent.NoTitleBar" />
168-->[com.google.android.gms:play-services-base:17.1.0] AndroidManifest.xml:26:13-72
169
170        <meta-data
170-->[com.google.android.gms:play-services-basement:18.0.0] AndroidManifest.xml:21:9-23:69
171            android:name="com.google.android.gms.version"
171-->[com.google.android.gms:play-services-basement:18.0.0] AndroidManifest.xml:22:13-58
172            android:value="@integer/google_play_services_version" />
172-->[com.google.android.gms:play-services-basement:18.0.0] AndroidManifest.xml:23:13-66
173    </application>
174
175</manifest>